<?xml version="1.0" encoding="UTF-8"?>
<!-- Generated by org.testng.reporters.JUnitReportReporter -->
<testsuite hostname="Bob" name="TestNG.addbook" tests="1" failures="0" timestamp="20 Mar 2019 21:34:32 GMT" time="7.239" errors="0">
  <testcase name="verifyaddbook" time="7.239" classname="TestNG.addbook"/>
</testsuite> <!-- TestNG.addbook -->
